2021-12-14 15:21:15.863  INFO Ajay-PC --- [  restartedMain] c.TravelAdvisorApplication               : Starting TravelAdvisorApplication using Java 17 on Ajay-PC with PID 25596 (F:\Training\Java\TravelAdvisor\target\classes started by Ajay in F:\Training\Java\TravelAdvisor)
2021-12-14 15:21:15.864  INFO Ajay-PC --- [  restartedMain] c.TravelAdvisorApplication               : No active profile set, falling back to default profiles: default
2021-12-14 15:21:16.568  INFO Ajay-PC --- [  restartedMain] .s.d.r.c.RepositoryConfigurationDelegate : Bootstrapping Spring Data JPA repositories in DEFAULT mode.
2021-12-14 15:21:16.759  INFO Ajay-PC --- [  restartedMain] .s.d.r.c.RepositoryConfigurationDelegate : Finished Spring Data repository scanning in 190 ms. Found 4 JPA repository interfaces.
2021-12-14 15:21:16.805  INFO Ajay-PC --- [  restartedMain] o.s.b.w.e.t.TomcatWebServer              : Tomcat initialized with port(s): 8080 (http)
2021-12-14 15:21:16.806  INFO Ajay-PC --- [  restartedMain] o.a.c.h.Http11NioProtocol                : Initializing ProtocolHandler ["http-nio-8080"]
2021-12-14 15:21:16.806  INFO Ajay-PC --- [  restartedMain] o.a.c.c.StandardService                  : Starting service [Tomcat]
2021-12-14 15:21:16.806  INFO Ajay-PC --- [  restartedMain] o.a.c.c.StandardEngine                   : Starting Servlet engine: [Apache Tomcat/9.0.55]
2021-12-14 15:21:16.843  INFO Ajay-PC --- [  restartedMain] o.a.j.s.TldScanner                       : At least one JAR was scanned for TLDs yet contained no TLDs. Enable debug logging for this logger for a complete list of JARs that were scanned but no TLDs were found in them. Skipping unneeded JARs during scanning can improve startup time and JSP compilation time.
2021-12-14 15:21:16.844  INFO Ajay-PC --- [  restartedMain] o.a.c.c.C.[.[.[/]                        : Initializing Spring embedded WebApplicationContext
2021-12-14 15:21:16.844  INFO Ajay-PC --- [  restartedMain] w.s.c.ServletWebServerApplicationContext : Root WebApplicationContext: initialization completed in 979 ms
2021-12-14 15:21:16.876  INFO Ajay-PC --- [  restartedMain] o.h.d.Dialect                            : HHH000400: Using dialect: org.hibernate.dialect.MySQL5Dialect
2021-12-14 15:21:16.965  INFO Ajay-PC --- [  restartedMain] o.h.e.t.j.p.i.JtaPlatformInitiator       : HHH000490: Using JtaPlatform implementation: [org.hibernate.engine.transaction.jta.platform.internal.NoJtaPlatform]
2021-12-14 15:21:17.042  INFO Ajay-PC --- [  restartedMain] o.s.s.w.DefaultSecurityFilterChain       : Will secure any request with [org.springframework.security.web.context.request.async.WebAsyncManagerIntegrationFilter@d31d7df, org.springframework.security.web.context.SecurityContextPersistenceFilter@6912b694, org.springframework.security.web.header.HeaderWriterFilter@36823df7, org.springframework.security.web.authentication.logout.LogoutFilter@35f5ee79, org.springframework.security.web.authentication.UsernamePasswordAuthenticationFilter@37f8805b, org.springframework.security.web.savedrequest.RequestCacheAwareFilter@6d87e7ea, org.springframework.security.web.servletapi.SecurityContextHolderAwareRequestFilter@4a4d0228, org.springframework.security.web.authentication.AnonymousAuthenticationFilter@2b2679cf, org.springframework.security.web.session.SessionManagementFilter@4a892d12, org.springframework.security.web.access.ExceptionTranslationFilter@6ebd4591, org.springframework.security.web.access.intercept.FilterSecurityInterceptor@28163589]
2021-12-14 15:21:17.085  INFO Ajay-PC --- [  restartedMain] o.s.b.d.a.OptionalLiveReloadServer       : LiveReload server is running on port 35729
2021-12-14 15:21:17.089  INFO Ajay-PC --- [  restartedMain] o.a.c.h.Http11NioProtocol                : Starting ProtocolHandler ["http-nio-8080"]
2021-12-14 15:21:17.092  INFO Ajay-PC --- [  restartedMain] o.s.b.w.e.t.TomcatWebServer              : Tomcat started on port(s): 8080 (http) with context path ''
2021-12-14 15:21:17.094  INFO Ajay-PC --- [  restartedMain] c.TravelAdvisorApplication               : Started TravelAdvisorApplication in 1.26 seconds (JVM running for 160.026)
2021-12-14 15:21:17.095  INFO Ajay-PC --- [  restartedMain] .ConditionEvaluationDeltaLoggingListener : Condition evaluation unchanged
2021-12-14 15:21:38.535  INFO Ajay-PC --- [nio-8080-exec-1] o.a.c.c.C.[.[.[/]                        : Initializing Spring DispatcherServlet 'dispatcherServlet'
2021-12-14 15:21:38.535  INFO Ajay-PC --- [nio-8080-exec-1] o.s.w.s.DispatcherServlet                : Initializing Servlet 'dispatcherServlet'
2021-12-14 15:21:38.536  INFO Ajay-PC --- [nio-8080-exec-1] o.s.w.s.DispatcherServlet                : Completed initialization in 1 ms
2021-12-14 15:21:38.538  INFO Ajay-PC --- [nio-8080-exec-1] c.c.LoginController                      : User trying to login
2021-12-14 15:22:01.512  WARN Ajay-PC --- [nio-8080-exec-5] o.h.o.deprecation                        : HHH90000022: Hibernate's legacy org.hibernate.Criteria API is deprecated; use the JPA javax.persistence.criteria.CriteriaQuery instead
2021-12-14 15:22:01.566  WARN Ajay-PC --- [nio-8080-exec-6] o.h.o.deprecation                        : HHH90000022: Hibernate's legacy org.hibernate.Criteria API is deprecated; use the JPA javax.persistence.criteria.CriteriaQuery instead
2021-12-14 15:22:08.792  WARN Ajay-PC --- [nio-8080-exec-9] o.h.o.deprecation                        : HHH90000022: Hibernate's legacy org.hibernate.Criteria API is deprecated; use the JPA javax.persistence.criteria.CriteriaQuery instead
2021-12-14 15:22:11.940  WARN Ajay-PC --- [nio-8080-exec-3] o.h.o.deprecation                        : HHH90000022: Hibernate's legacy org.hibernate.Criteria API is deprecated; use the JPA javax.persistence.criteria.CriteriaQuery instead
2021-12-14 15:22:11.942  INFO Ajay-PC --- [nio-8080-exec-3] c.c.RestController                       : ajayr.18cse@kongu.edu added an item to his cart
2021-12-14 15:22:14.613  WARN Ajay-PC --- [nio-8080-exec-4] o.h.o.deprecation                        : HHH90000022: Hibernate's legacy org.hibernate.Criteria API is deprecated; use the JPA javax.persistence.criteria.CriteriaQuery instead
2021-12-14 15:22:36.844  WARN Ajay-PC --- [nio-8080-exec-8] o.h.o.deprecation                        : HHH90000022: Hibernate's legacy org.hibernate.Criteria API is deprecated; use the JPA javax.persistence.criteria.CriteriaQuery instead
2021-12-14 15:22:36.864  WARN Ajay-PC --- [nio-8080-exec-8] o.h.o.deprecation                        : HHH90000022: Hibernate's legacy org.hibernate.Criteria API is deprecated; use the JPA javax.persistence.criteria.CriteriaQuery instead
2021-12-14 15:22:42.922  WARN Ajay-PC --- [nio-8080-exec-7] o.h.o.deprecation                        : HHH90000022: Hibernate's legacy org.hibernate.Criteria API is deprecated; use the JPA javax.persistence.criteria.CriteriaQuery instead
2021-12-14 15:22:45.955  WARN Ajay-PC --- [nio-8080-exec-9] o.h.o.deprecation                        : HHH90000022: Hibernate's legacy org.hibernate.Criteria API is deprecated; use the JPA javax.persistence.criteria.CriteriaQuery instead
2021-12-14 15:30:39.999  INFO Ajay-PC --- [  restartedMain] c.TravelAdvisorApplication               : Starting TravelAdvisorApplication using Java 17 on Ajay-PC with PID 25596 (F:\Training\Java\TravelAdvisor\target\classes started by Ajay in F:\Training\Java\TravelAdvisor)
2021-12-14 15:30:40.001  INFO Ajay-PC --- [  restartedMain] c.TravelAdvisorApplication               : No active profile set, falling back to default profiles: default
2021-12-14 15:30:41.340  INFO Ajay-PC --- [  restartedMain] .s.d.r.c.RepositoryConfigurationDelegate : Bootstrapping Spring Data JPA repositories in DEFAULT mode.
2021-12-14 15:30:41.669  INFO Ajay-PC --- [  restartedMain] .s.d.r.c.RepositoryConfigurationDelegate : Finished Spring Data repository scanning in 328 ms. Found 4 JPA repository interfaces.
2021-12-14 15:30:41.773  INFO Ajay-PC --- [  restartedMain] o.s.b.w.e.t.TomcatWebServer              : Tomcat initialized with port(s): 8080 (http)
2021-12-14 15:30:41.774  INFO Ajay-PC --- [  restartedMain] o.a.c.h.Http11NioProtocol                : Initializing ProtocolHandler ["http-nio-8080"]
2021-12-14 15:30:41.775  INFO Ajay-PC --- [  restartedMain] o.a.c.c.StandardService                  : Starting service [Tomcat]
2021-12-14 15:30:41.775  INFO Ajay-PC --- [  restartedMain] o.a.c.c.StandardEngine                   : Starting Servlet engine: [Apache Tomcat/9.0.55]
2021-12-14 15:30:41.846  INFO Ajay-PC --- [  restartedMain] o.a.j.s.TldScanner                       : At least one JAR was scanned for TLDs yet contained no TLDs. Enable debug logging for this logger for a complete list of JARs that were scanned but no TLDs were found in them. Skipping unneeded JARs during scanning can improve startup time and JSP compilation time.
2021-12-14 15:30:41.847  INFO Ajay-PC --- [  restartedMain] o.a.c.c.C.[.[.[/]                        : Initializing Spring embedded WebApplicationContext
2021-12-14 15:30:41.848  INFO Ajay-PC --- [  restartedMain] w.s.c.ServletWebServerApplicationContext : Root WebApplicationContext: initialization completed in 1844 ms
2021-12-14 15:30:41.879  WARN Ajay-PC --- [  restartedMain] o.a.c.c.C.[.[.[/]                        : Cannot deserialize session attribute [SPRING_SECURITY_CONTEXT] for session [896001842E42A269B1DAC0A0A8182021]
2021-12-14 15:30:41.915  INFO Ajay-PC --- [  restartedMain] o.h.d.Dialect                            : HHH000400: Using dialect: org.hibernate.dialect.MySQL5Dialect
2021-12-14 15:30:42.076  INFO Ajay-PC --- [  restartedMain] o.h.e.t.j.p.i.JtaPlatformInitiator       : HHH000490: Using JtaPlatform implementation: [org.hibernate.engine.transaction.jta.platform.internal.NoJtaPlatform]
2021-12-14 15:30:42.217  INFO Ajay-PC --- [  restartedMain] o.s.s.w.DefaultSecurityFilterChain       : Will secure any request with [org.springframework.security.web.context.request.async.WebAsyncManagerIntegrationFilter@650d0f33, org.springframework.security.web.context.SecurityContextPersistenceFilter@7f30d86f, org.springframework.security.web.header.HeaderWriterFilter@74bbb695, org.springframework.security.web.authentication.logout.LogoutFilter@1c4c41e2, org.springframework.security.web.authentication.UsernamePasswordAuthenticationFilter@247476df, org.springframework.security.web.savedrequest.RequestCacheAwareFilter@30262c29, org.springframework.security.web.servletapi.SecurityContextHolderAwareRequestFilter@19802ba6, org.springframework.security.web.authentication.AnonymousAuthenticationFilter@3dfbb69e, org.springframework.security.web.session.SessionManagementFilter@f9e649f, org.springframework.security.web.access.ExceptionTranslationFilter@6492212, org.springframework.security.web.access.intercept.FilterSecurityInterceptor@6c96763a]
2021-12-14 15:30:42.314  INFO Ajay-PC --- [  restartedMain] o.s.b.d.a.OptionalLiveReloadServer       : LiveReload server is running on port 35729
2021-12-14 15:30:42.320  INFO Ajay-PC --- [  restartedMain] o.a.c.h.Http11NioProtocol                : Starting ProtocolHandler ["http-nio-8080"]
2021-12-14 15:30:42.324  INFO Ajay-PC --- [  restartedMain] o.s.b.w.e.t.TomcatWebServer              : Tomcat started on port(s): 8080 (http) with context path ''
2021-12-14 15:30:42.327  INFO Ajay-PC --- [  restartedMain] c.TravelAdvisorApplication               : Started TravelAdvisorApplication in 2.434 seconds (JVM running for 725.258)
2021-12-14 15:30:42.328  INFO Ajay-PC --- [  restartedMain] .ConditionEvaluationDeltaLoggingListener : Condition evaluation unchanged
2021-12-14 15:31:01.359  INFO Ajay-PC --- [  restartedMain] c.TravelAdvisorApplication               : Starting TravelAdvisorApplication using Java 17 on Ajay-PC with PID 25596 (F:\Training\Java\TravelAdvisor\target\classes started by Ajay in F:\Training\Java\TravelAdvisor)
2021-12-14 15:31:01.359  INFO Ajay-PC --- [  restartedMain] c.TravelAdvisorApplication               : No active profile set, falling back to default profiles: default
2021-12-14 15:31:02.408  INFO Ajay-PC --- [  restartedMain] .s.d.r.c.RepositoryConfigurationDelegate : Bootstrapping Spring Data JPA repositories in DEFAULT mode.
2021-12-14 15:31:02.738  INFO Ajay-PC --- [  restartedMain] .s.d.r.c.RepositoryConfigurationDelegate : Finished Spring Data repository scanning in 329 ms. Found 4 JPA repository interfaces.
2021-12-14 15:31:02.810  INFO Ajay-PC --- [  restartedMain] o.s.b.w.e.t.TomcatWebServer              : Tomcat initialized with port(s): 8080 (http)
2021-12-14 15:31:02.811  INFO Ajay-PC --- [  restartedMain] o.a.c.h.Http11NioProtocol                : Initializing ProtocolHandler ["http-nio-8080"]
2021-12-14 15:31:02.811  INFO Ajay-PC --- [  restartedMain] o.a.c.c.StandardService                  : Starting service [Tomcat]
2021-12-14 15:31:02.811  INFO Ajay-PC --- [  restartedMain] o.a.c.c.StandardEngine                   : Starting Servlet engine: [Apache Tomcat/9.0.55]
2021-12-14 15:31:02.867  INFO Ajay-PC --- [  restartedMain] o.a.j.s.TldScanner                       : At least one JAR was scanned for TLDs yet contained no TLDs. Enable debug logging for this logger for a complete list of JARs that were scanned but no TLDs were found in them. Skipping unneeded JARs during scanning can improve startup time and JSP compilation time.
2021-12-14 15:31:02.869  INFO Ajay-PC --- [  restartedMain] o.a.c.c.C.[.[.[/]                        : Initializing Spring embedded WebApplicationContext
2021-12-14 15:31:02.869  INFO Ajay-PC --- [  restartedMain] w.s.c.ServletWebServerApplicationContext : Root WebApplicationContext: initialization completed in 1508 ms
2021-12-14 15:31:02.920  INFO Ajay-PC --- [  restartedMain] o.h.d.Dialect                            : HHH000400: Using dialect: org.hibernate.dialect.MySQL5Dialect
2021-12-14 15:31:03.067  INFO Ajay-PC --- [  restartedMain] o.h.e.t.j.p.i.JtaPlatformInitiator       : HHH000490: Using JtaPlatform implementation: [org.hibernate.engine.transaction.jta.platform.internal.NoJtaPlatform]
2021-12-14 15:31:03.175  INFO Ajay-PC --- [  restartedMain] o.s.s.w.DefaultSecurityFilterChain       : Will secure any request with [org.springframework.security.web.context.request.async.WebAsyncManagerIntegrationFilter@18e5d75, org.springframework.security.web.context.SecurityContextPersistenceFilter@27b56d5a, org.springframework.security.web.header.HeaderWriterFilter@7062ab1b, org.springframework.security.web.authentication.logout.LogoutFilter@7e96b6be, org.springframework.security.web.authentication.UsernamePasswordAuthenticationFilter@7307c997, org.springframework.security.web.savedrequest.RequestCacheAwareFilter@5d49add0, org.springframework.security.web.servletapi.SecurityContextHolderAwareRequestFilter@3816ef11, org.springframework.security.web.authentication.AnonymousAuthenticationFilter@49ca5adc, org.springframework.security.web.session.SessionManagementFilter@49006329, org.springframework.security.web.access.ExceptionTranslationFilter@6713a2ae, org.springframework.security.web.access.intercept.FilterSecurityInterceptor@e3f4afb]
2021-12-14 15:31:03.257  INFO Ajay-PC --- [  restartedMain] o.s.b.d.a.OptionalLiveReloadServer       : LiveReload server is running on port 35729
2021-12-14 15:31:03.266  INFO Ajay-PC --- [  restartedMain] o.a.c.h.Http11NioProtocol                : Starting ProtocolHandler ["http-nio-8080"]
2021-12-14 15:31:03.268  INFO Ajay-PC --- [  restartedMain] o.s.b.w.e.t.TomcatWebServer              : Tomcat started on port(s): 8080 (http) with context path ''
2021-12-14 15:31:03.271  INFO Ajay-PC --- [  restartedMain] c.TravelAdvisorApplication               : Started TravelAdvisorApplication in 1.942 seconds (JVM running for 746.203)
2021-12-14 15:31:03.273  INFO Ajay-PC --- [  restartedMain] .ConditionEvaluationDeltaLoggingListener : Condition evaluation unchanged
2021-12-14 15:31:09.985  INFO Ajay-PC --- [  restartedMain] c.TravelAdvisorApplication               : Starting TravelAdvisorApplication using Java 17 on Ajay-PC with PID 25596 (F:\Training\Java\TravelAdvisor\target\classes started by Ajay in F:\Training\Java\TravelAdvisor)
2021-12-14 15:31:09.986  INFO Ajay-PC --- [  restartedMain] c.TravelAdvisorApplication               : No active profile set, falling back to default profiles: default
2021-12-14 15:31:11.246  INFO Ajay-PC --- [  restartedMain] .s.d.r.c.RepositoryConfigurationDelegate : Bootstrapping Spring Data JPA repositories in DEFAULT mode.
2021-12-14 15:31:11.562  INFO Ajay-PC --- [  restartedMain] .s.d.r.c.RepositoryConfigurationDelegate : Finished Spring Data repository scanning in 316 ms. Found 4 JPA repository interfaces.
2021-12-14 15:31:11.631  INFO Ajay-PC --- [  restartedMain] o.s.b.w.e.t.TomcatWebServer              : Tomcat initialized with port(s): 8080 (http)
2021-12-14 15:31:11.632  INFO Ajay-PC --- [  restartedMain] o.a.c.h.Http11NioProtocol                : Initializing ProtocolHandler ["http-nio-8080"]
2021-12-14 15:31:11.632  INFO Ajay-PC --- [  restartedMain] o.a.c.c.StandardService                  : Starting service [Tomcat]
2021-12-14 15:31:11.632  INFO Ajay-PC --- [  restartedMain] o.a.c.c.StandardEngine                   : Starting Servlet engine: [Apache Tomcat/9.0.55]
2021-12-14 15:31:11.693  INFO Ajay-PC --- [  restartedMain] o.a.j.s.TldScanner                       : At least one JAR was scanned for TLDs yet contained no TLDs. Enable debug logging for this logger for a complete list of JARs that were scanned but no TLDs were found in them. Skipping unneeded JARs during scanning can improve startup time and JSP compilation time.
2021-12-14 15:31:11.695  INFO Ajay-PC --- [  restartedMain] o.a.c.c.C.[.[.[/]                        : Initializing Spring embedded WebApplicationContext
2021-12-14 15:31:11.695  INFO Ajay-PC --- [  restartedMain] w.s.c.ServletWebServerApplicationContext : Root WebApplicationContext: initialization completed in 1707 ms
2021-12-14 15:31:11.734  INFO Ajay-PC --- [  restartedMain] o.h.d.Dialect                            : HHH000400: Using dialect: org.hibernate.dialect.MySQL5Dialect
2021-12-14 15:31:11.876  INFO Ajay-PC --- [  restartedMain] o.h.e.t.j.p.i.JtaPlatformInitiator       : HHH000490: Using JtaPlatform implementation: [org.hibernate.engine.transaction.jta.platform.internal.NoJtaPlatform]
2021-12-14 15:31:11.989  INFO Ajay-PC --- [  restartedMain] o.s.s.w.DefaultSecurityFilterChain       : Will secure any request with [org.springframework.security.web.context.request.async.WebAsyncManagerIntegrationFilter@47110125, org.springframework.security.web.context.SecurityContextPersistenceFilter@2a5db900, org.springframework.security.web.header.HeaderWriterFilter@281e363e, org.springframework.security.web.authentication.logout.LogoutFilter@2ae5b3c7, org.springframework.security.web.authentication.UsernamePasswordAuthenticationFilter@1fe48928, org.springframework.security.web.savedrequest.RequestCacheAwareFilter@6c806b, org.springframework.security.web.servletapi.SecurityContextHolderAwareRequestFilter@599ae99e, org.springframework.security.web.authentication.AnonymousAuthenticationFilter@7c24518, org.springframework.security.web.session.SessionManagementFilter@3cd1190c, org.springframework.security.web.access.ExceptionTranslationFilter@12e70f97, org.springframework.security.web.access.intercept.FilterSecurityInterceptor@44d3ad8f]
2021-12-14 15:31:12.064  INFO Ajay-PC --- [  restartedMain] o.s.b.d.a.OptionalLiveReloadServer       : LiveReload server is running on port 35729
2021-12-14 15:31:12.072  INFO Ajay-PC --- [  restartedMain] o.a.c.h.Http11NioProtocol                : Starting ProtocolHandler ["http-nio-8080"]
2021-12-14 15:31:12.075  INFO Ajay-PC --- [  restartedMain] o.s.b.w.e.t.TomcatWebServer              : Tomcat started on port(s): 8080 (http) with context path ''
2021-12-14 15:31:12.078  INFO Ajay-PC --- [  restartedMain] c.TravelAdvisorApplication               : Started TravelAdvisorApplication in 2.151 seconds (JVM running for 755.01)
2021-12-14 15:31:12.080  INFO Ajay-PC --- [  restartedMain] .ConditionEvaluationDeltaLoggingListener : Condition evaluation unchanged
2021-12-14 15:31:28.018  INFO Ajay-PC --- [nio-8080-exec-1] o.a.c.c.C.[.[.[/]                        : Initializing Spring DispatcherServlet 'dispatcherServlet'
2021-12-14 15:31:28.019  INFO Ajay-PC --- [nio-8080-exec-1] o.s.w.s.DispatcherServlet                : Initializing Servlet 'dispatcherServlet'
2021-12-14 15:31:28.020  INFO Ajay-PC --- [nio-8080-exec-1] o.s.w.s.DispatcherServlet                : Completed initialization in 1 ms
2021-12-14 15:31:33.562  INFO Ajay-PC --- [nio-8080-exec-3] c.c.LoginController                      : User trying to login
2021-12-14 15:31:46.946  WARN Ajay-PC --- [nio-8080-exec-7] o.h.o.deprecation                        : HHH90000022: Hibernate's legacy org.hibernate.Criteria API is deprecated; use the JPA javax.persistence.criteria.CriteriaQuery instead
2021-12-14 15:31:47.052  WARN Ajay-PC --- [nio-8080-exec-8] o.h.o.deprecation                        : HHH90000022: Hibernate's legacy org.hibernate.Criteria API is deprecated; use the JPA javax.persistence.criteria.CriteriaQuery instead
2021-12-14 15:31:49.191  WARN Ajay-PC --- [nio-8080-exec-2] o.h.o.deprecation                        : HHH90000022: Hibernate's legacy org.hibernate.Criteria API is deprecated; use the JPA javax.persistence.criteria.CriteriaQuery instead
2021-12-14 15:32:06.287  WARN Ajay-PC --- [nio-8080-exec-6] o.h.o.deprecation                        : HHH90000022: Hibernate's legacy org.hibernate.Criteria API is deprecated; use the JPA javax.persistence.criteria.CriteriaQuery instead
2021-12-14 15:32:06.355  WARN Ajay-PC --- [nio-8080-exec-6] o.h.o.deprecation                        : HHH90000022: Hibernate's legacy org.hibernate.Criteria API is deprecated; use the JPA javax.persistence.criteria.CriteriaQuery instead
2021-12-14 15:32:31.757  WARN Ajay-PC --- [nio-8080-exec-7] o.h.o.deprecation                        : HHH90000022: Hibernate's legacy org.hibernate.Criteria API is deprecated; use the JPA javax.persistence.criteria.CriteriaQuery instead
2021-12-14 15:32:53.309  INFO Ajay-PC --- [  restartedMain] c.TravelAdvisorApplication               : Starting TravelAdvisorApplication using Java 17 on Ajay-PC with PID 25596 (F:\Training\Java\TravelAdvisor\target\classes started by Ajay in F:\Training\Java\TravelAdvisor)
2021-12-14 15:32:53.309  INFO Ajay-PC --- [  restartedMain] c.TravelAdvisorApplication               : No active profile set, falling back to default profiles: default
2021-12-14 15:32:54.271  INFO Ajay-PC --- [  restartedMain] .s.d.r.c.RepositoryConfigurationDelegate : Bootstrapping Spring Data JPA repositories in DEFAULT mode.
2021-12-14 15:32:54.504  INFO Ajay-PC --- [  restartedMain] .s.d.r.c.RepositoryConfigurationDelegate : Finished Spring Data repository scanning in 232 ms. Found 4 JPA repository interfaces.
2021-12-14 15:32:54.573  INFO Ajay-PC --- [  restartedMain] o.s.b.w.e.t.TomcatWebServer              : Tomcat initialized with port(s): 8080 (http)
2021-12-14 15:32:54.574  INFO Ajay-PC --- [  restartedMain] o.a.c.h.Http11NioProtocol                : Initializing ProtocolHandler ["http-nio-8080"]
2021-12-14 15:32:54.575  INFO Ajay-PC --- [  restartedMain] o.a.c.c.StandardService                  : Starting service [Tomcat]
2021-12-14 15:32:54.575  INFO Ajay-PC --- [  restartedMain] o.a.c.c.StandardEngine                   : Starting Servlet engine: [Apache Tomcat/9.0.55]
2021-12-14 15:32:54.626  INFO Ajay-PC --- [  restartedMain] o.a.j.s.TldScanner                       : At least one JAR was scanned for TLDs yet contained no TLDs. Enable debug logging for this logger for a complete list of JARs that were scanned but no TLDs were found in them. Skipping unneeded JARs during scanning can improve startup time and JSP compilation time.
2021-12-14 15:32:54.627  INFO Ajay-PC --- [  restartedMain] o.a.c.c.C.[.[.[/]                        : Initializing Spring embedded WebApplicationContext
2021-12-14 15:32:54.627  INFO Ajay-PC --- [  restartedMain] w.s.c.ServletWebServerApplicationContext : Root WebApplicationContext: initialization completed in 1316 ms
2021-12-14 15:32:54.645  WARN Ajay-PC --- [  restartedMain] o.a.c.c.C.[.[.[/]                        : Cannot deserialize session attribute [SPRING_SECURITY_CONTEXT] for session [77B19F584D3232A3A9CB846745C7D96F]
2021-12-14 15:32:54.671  INFO Ajay-PC --- [  restartedMain] o.h.d.Dialect                            : HHH000400: Using dialect: org.hibernate.dialect.MySQL5Dialect
2021-12-14 15:32:54.804  INFO Ajay-PC --- [  restartedMain] o.h.e.t.j.p.i.JtaPlatformInitiator       : HHH000490: Using JtaPlatform implementation: [org.hibernate.engine.transaction.jta.platform.internal.NoJtaPlatform]
2021-12-14 15:32:54.908  INFO Ajay-PC --- [  restartedMain] o.s.s.w.DefaultSecurityFilterChain       : Will secure any request with [org.springframework.security.web.context.request.async.WebAsyncManagerIntegrationFilter@7c39d414, org.springframework.security.web.context.SecurityContextPersistenceFilter@6f6f073a, org.springframework.security.web.header.HeaderWriterFilter@2f0ccfed, org.springframework.security.web.authentication.logout.LogoutFilter@6a707ed5, org.springframework.security.web.authentication.UsernamePasswordAuthenticationFilter@26412e98, org.springframework.security.web.savedrequest.RequestCacheAwareFilter@75d93d7e, org.springframework.security.web.servletapi.SecurityContextHolderAwareRequestFilter@3ce3f78f, org.springframework.security.web.authentication.AnonymousAuthenticationFilter@90ac5ba, org.springframework.security.web.session.SessionManagementFilter@1a8b631e, org.springframework.security.web.access.ExceptionTranslationFilter@16718bb2, org.springframework.security.web.access.intercept.FilterSecurityInterceptor@1c171780]
2021-12-14 15:32:54.990  INFO Ajay-PC --- [  restartedMain] o.s.b.d.a.OptionalLiveReloadServer       : LiveReload server is running on port 35729
2021-12-14 15:32:54.999  INFO Ajay-PC --- [  restartedMain] o.a.c.h.Http11NioProtocol                : Starting ProtocolHandler ["http-nio-8080"]
2021-12-14 15:32:55.003  INFO Ajay-PC --- [  restartedMain] o.s.b.w.e.t.TomcatWebServer              : Tomcat started on port(s): 8080 (http) with context path ''
2021-12-14 15:32:55.007  INFO Ajay-PC --- [  restartedMain] c.TravelAdvisorApplication               : Started TravelAdvisorApplication in 1.729 seconds (JVM running for 857.938)
2021-12-14 15:32:55.008  INFO Ajay-PC --- [  restartedMain] .ConditionEvaluationDeltaLoggingListener : Condition evaluation unchanged
2021-12-14 15:33:26.334  INFO Ajay-PC --- [  restartedMain] c.TravelAdvisorApplication               : Starting TravelAdvisorApplication using Java 17 on Ajay-PC with PID 25596 (F:\Training\Java\TravelAdvisor\target\classes started by Ajay in F:\Training\Java\TravelAdvisor)
2021-12-14 15:33:26.334  INFO Ajay-PC --- [  restartedMain] c.TravelAdvisorApplication               : No active profile set, falling back to default profiles: default
2021-12-14 15:33:27.260  INFO Ajay-PC --- [  restartedMain] .s.d.r.c.RepositoryConfigurationDelegate : Bootstrapping Spring Data JPA repositories in DEFAULT mode.
2021-12-14 15:33:27.497  INFO Ajay-PC --- [  restartedMain] .s.d.r.c.RepositoryConfigurationDelegate : Finished Spring Data repository scanning in 236 ms. Found 4 JPA repository interfaces.
2021-12-14 15:33:27.568  INFO Ajay-PC --- [  restartedMain] o.s.b.w.e.t.TomcatWebServer              : Tomcat initialized with port(s): 8080 (http)
2021-12-14 15:33:27.568  INFO Ajay-PC --- [  restartedMain] o.a.c.h.Http11NioProtocol                : Initializing ProtocolHandler ["http-nio-8080"]
2021-12-14 15:33:27.569  INFO Ajay-PC --- [  restartedMain] o.a.c.c.StandardService                  : Starting service [Tomcat]
2021-12-14 15:33:27.569  INFO Ajay-PC --- [  restartedMain] o.a.c.c.StandardEngine                   : Starting Servlet engine: [Apache Tomcat/9.0.55]
2021-12-14 15:33:27.617  INFO Ajay-PC --- [  restartedMain] o.a.j.s.TldScanner                       : At least one JAR was scanned for TLDs yet contained no TLDs. Enable debug logging for this logger for a complete list of JARs that were scanned but no TLDs were found in them. Skipping unneeded JARs during scanning can improve startup time and JSP compilation time.
2021-12-14 15:33:27.618  INFO Ajay-PC --- [  restartedMain] o.a.c.c.C.[.[.[/]                        : Initializing Spring embedded WebApplicationContext
2021-12-14 15:33:27.618  INFO Ajay-PC --- [  restartedMain] w.s.c.ServletWebServerApplicationContext : Root WebApplicationContext: initialization completed in 1281 ms
2021-12-14 15:33:27.654  INFO Ajay-PC --- [  restartedMain] o.h.d.Dialect                            : HHH000400: Using dialect: org.hibernate.dialect.MySQL5Dialect
2021-12-14 15:33:27.783  INFO Ajay-PC --- [  restartedMain] o.h.e.t.j.p.i.JtaPlatformInitiator       : HHH000490: Using JtaPlatform implementation: [org.hibernate.engine.transaction.jta.platform.internal.NoJtaPlatform]
2021-12-14 15:33:27.884  INFO Ajay-PC --- [  restartedMain] o.s.s.w.DefaultSecurityFilterChain       : Will secure any request with [org.springframework.security.web.context.request.async.WebAsyncManagerIntegrationFilter@33414fc7, org.springframework.security.web.context.SecurityContextPersistenceFilter@414ccada, org.springframework.security.web.header.HeaderWriterFilter@4f05883e, org.springframework.security.web.authentication.logout.LogoutFilter@3a9e693a, org.springframework.security.web.authentication.UsernamePasswordAuthenticationFilter@14792835, org.springframework.security.web.savedrequest.RequestCacheAwareFilter@5c8b1580, org.springframework.security.web.servletapi.SecurityContextHolderAwareRequestFilter@3f2c2257, org.springframework.security.web.authentication.AnonymousAuthenticationFilter@1cf25dba, org.springframework.security.web.session.SessionManagementFilter@6ab9128e, org.springframework.security.web.access.ExceptionTranslationFilter@3235edee, org.springframework.security.web.access.intercept.FilterSecurityInterceptor@32473b02]
2021-12-14 15:33:27.946  INFO Ajay-PC --- [  restartedMain] o.s.b.d.a.OptionalLiveReloadServer       : LiveReload server is running on port 35729
2021-12-14 15:33:27.953  INFO Ajay-PC --- [  restartedMain] o.a.c.h.Http11NioProtocol                : Starting ProtocolHandler ["http-nio-8080"]
2021-12-14 15:33:27.954  INFO Ajay-PC --- [  restartedMain] o.s.b.w.e.t.TomcatWebServer              : Tomcat started on port(s): 8080 (http) with context path ''
2021-12-14 15:33:27.958  INFO Ajay-PC --- [  restartedMain] c.TravelAdvisorApplication               : Started TravelAdvisorApplication in 1.65 seconds (JVM running for 890.889)
2021-12-14 15:33:27.958  INFO Ajay-PC --- [  restartedMain] .ConditionEvaluationDeltaLoggingListener : Condition evaluation unchanged
2021-12-14 15:33:45.916  INFO Ajay-PC --- [  restartedMain] c.TravelAdvisorApplication               : Starting TravelAdvisorApplication using Java 17 on Ajay-PC with PID 25596 (F:\Training\Java\TravelAdvisor\target\classes started by Ajay in F:\Training\Java\TravelAdvisor)
2021-12-14 15:33:45.916  INFO Ajay-PC --- [  restartedMain] c.TravelAdvisorApplication               : No active profile set, falling back to default profiles: default
2021-12-14 15:33:46.845  INFO Ajay-PC --- [  restartedMain] .s.d.r.c.RepositoryConfigurationDelegate : Bootstrapping Spring Data JPA repositories in DEFAULT mode.
2021-12-14 15:33:47.082  INFO Ajay-PC --- [  restartedMain] .s.d.r.c.RepositoryConfigurationDelegate : Finished Spring Data repository scanning in 236 ms. Found 4 JPA repository interfaces.
2021-12-14 15:33:47.138  INFO Ajay-PC --- [  restartedMain] o.s.b.w.e.t.TomcatWebServer              : Tomcat initialized with port(s): 8080 (http)
2021-12-14 15:33:47.139  INFO Ajay-PC --- [  restartedMain] o.a.c.h.Http11NioProtocol                : Initializing ProtocolHandler ["http-nio-8080"]
2021-12-14 15:33:47.139  INFO Ajay-PC --- [  restartedMain] o.a.c.c.StandardService                  : Starting service [Tomcat]
2021-12-14 15:33:47.139  INFO Ajay-PC --- [  restartedMain] o.a.c.c.StandardEngine                   : Starting Servlet engine: [Apache Tomcat/9.0.55]
2021-12-14 15:33:47.189  INFO Ajay-PC --- [  restartedMain] o.a.j.s.TldScanner                       : At least one JAR was scanned for TLDs yet contained no TLDs. Enable debug logging for this logger for a complete list of JARs that were scanned but no TLDs were found in them. Skipping unneeded JARs during scanning can improve startup time and JSP compilation time.
2021-12-14 15:33:47.190  INFO Ajay-PC --- [  restartedMain] o.a.c.c.C.[.[.[/]                        : Initializing Spring embedded WebApplicationContext
2021-12-14 15:33:47.190  INFO Ajay-PC --- [  restartedMain] w.s.c.ServletWebServerApplicationContext : Root WebApplicationContext: initialization completed in 1271 ms
2021-12-14 15:33:47.225  INFO Ajay-PC --- [  restartedMain] o.h.d.Dialect                            : HHH000400: Using dialect: org.hibernate.dialect.MySQL5Dialect
2021-12-14 15:33:47.355  INFO Ajay-PC --- [  restartedMain] o.h.e.t.j.p.i.JtaPlatformInitiator       : HHH000490: Using JtaPlatform implementation: [org.hibernate.engine.transaction.jta.platform.internal.NoJtaPlatform]
2021-12-14 15:33:47.454  INFO Ajay-PC --- [  restartedMain] o.s.s.w.DefaultSecurityFilterChain       : Will secure any request with [org.springframework.security.web.context.request.async.WebAsyncManagerIntegrationFilter@3903bb9b, org.springframework.security.web.context.SecurityContextPersistenceFilter@4315a6ca, org.springframework.security.web.header.HeaderWriterFilter@5a8b2f31, org.springframework.security.web.authentication.logout.LogoutFilter@3b1ebde5, org.springframework.security.web.authentication.UsernamePasswordAuthenticationFilter@596065d7, org.springframework.security.web.savedrequest.RequestCacheAwareFilter@6e13654b, org.springframework.security.web.servletapi.SecurityContextHolderAwareRequestFilter@6d622d1f, org.springframework.security.web.authentication.AnonymousAuthenticationFilter@b262599, org.springframework.security.web.session.SessionManagementFilter@1095138b, org.springframework.security.web.access.ExceptionTranslationFilter@766b6813, org.springframework.security.web.access.intercept.FilterSecurityInterceptor@3e3bc960]
2021-12-14 15:33:47.515  INFO Ajay-PC --- [  restartedMain] o.s.b.d.a.OptionalLiveReloadServer       : LiveReload server is running on port 35729
2021-12-14 15:33:47.521  INFO Ajay-PC --- [  restartedMain] o.a.c.h.Http11NioProtocol                : Starting ProtocolHandler ["http-nio-8080"]
2021-12-14 15:33:47.524  INFO Ajay-PC --- [  restartedMain] o.s.b.w.e.t.TomcatWebServer              : Tomcat started on port(s): 8080 (http) with context path ''
2021-12-14 15:33:47.529  INFO Ajay-PC --- [  restartedMain] c.TravelAdvisorApplication               : Started TravelAdvisorApplication in 1.64 seconds (JVM running for 910.46)
2021-12-14 15:33:47.529  INFO Ajay-PC --- [  restartedMain] .ConditionEvaluationDeltaLoggingListener : Condition evaluation unchanged
2021-12-14 15:36:20.397  INFO Ajay-PC --- [  restartedMain] c.TravelAdvisorApplication               : Starting TravelAdvisorApplication using Java 17 on Ajay-PC with PID 25596 (F:\Training\Java\TravelAdvisor\target\classes started by Ajay in F:\Training\Java\TravelAdvisor)
2021-12-14 15:36:20.397  INFO Ajay-PC --- [  restartedMain] c.TravelAdvisorApplication               : No active profile set, falling back to default profiles: default
2021-12-14 15:36:21.386  INFO Ajay-PC --- [  restartedMain] .s.d.r.c.RepositoryConfigurationDelegate : Bootstrapping Spring Data JPA repositories in DEFAULT mode.
2021-12-14 15:36:21.629  INFO Ajay-PC --- [  restartedMain] .s.d.r.c.RepositoryConfigurationDelegate : Finished Spring Data repository scanning in 243 ms. Found 4 JPA repository interfaces.
2021-12-14 15:36:21.713  INFO Ajay-PC --- [  restartedMain] o.s.b.w.e.t.TomcatWebServer              : Tomcat initialized with port(s): 8080 (http)
2021-12-14 15:36:21.714  INFO Ajay-PC --- [  restartedMain] o.a.c.h.Http11NioProtocol                : Initializing ProtocolHandler ["http-nio-8080"]
2021-12-14 15:36:21.714  INFO Ajay-PC --- [  restartedMain] o.a.c.c.StandardService                  : Starting service [Tomcat]
2021-12-14 15:36:21.714  INFO Ajay-PC --- [  restartedMain] o.a.c.c.StandardEngine                   : Starting Servlet engine: [Apache Tomcat/9.0.55]
2021-12-14 15:36:21.770  INFO Ajay-PC --- [  restartedMain] o.a.j.s.TldScanner                       : At least one JAR was scanned for TLDs yet contained no TLDs. Enable debug logging for this logger for a complete list of JARs that were scanned but no TLDs were found in them. Skipping unneeded JARs during scanning can improve startup time and JSP compilation time.
2021-12-14 15:36:21.770  INFO Ajay-PC --- [  restartedMain] o.a.c.c.C.[.[.[/]                        : Initializing Spring embedded WebApplicationContext
2021-12-14 15:36:21.770  INFO Ajay-PC --- [  restartedMain] w.s.c.ServletWebServerApplicationContext : Root WebApplicationContext: initialization completed in 1371 ms
2021-12-14 15:36:21.810  INFO Ajay-PC --- [  restartedMain] o.h.d.Dialect                            : HHH000400: Using dialect: org.hibernate.dialect.MySQL5Dialect
2021-12-14 15:36:21.950  INFO Ajay-PC --- [  restartedMain] o.h.e.t.j.p.i.JtaPlatformInitiator       : HHH000490: Using JtaPlatform implementation: [org.hibernate.engine.transaction.jta.platform.internal.NoJtaPlatform]
2021-12-14 15:36:22.054  INFO Ajay-PC --- [  restartedMain] o.s.s.w.DefaultSecurityFilterChain       : Will secure any request with [org.springframework.security.web.context.request.async.WebAsyncManagerIntegrationFilter@5415ac9, org.springframework.security.web.context.SecurityContextPersistenceFilter@47c41695, org.springframework.security.web.header.HeaderWriterFilter@2f3c2da7, org.springframework.security.web.authentication.logout.LogoutFilter@1ed4cddd, org.springframework.security.web.authentication.UsernamePasswordAuthenticationFilter@238615bc, org.springframework.security.web.savedrequest.RequestCacheAwareFilter@73eb80a2, org.springframework.security.web.servletapi.SecurityContextHolderAwareRequestFilter@3df4da6d, org.springframework.security.web.authentication.AnonymousAuthenticationFilter@188e83a4, org.springframework.security.web.session.SessionManagementFilter@779381d4, org.springframework.security.web.access.ExceptionTranslationFilter@1e3555ca, org.springframework.security.web.access.intercept.FilterSecurityInterceptor@63c9e8b2]
2021-12-14 15:36:22.129  INFO Ajay-PC --- [  restartedMain] o.s.b.d.a.OptionalLiveReloadServer       : LiveReload server is running on port 35729
2021-12-14 15:36:22.135  INFO Ajay-PC --- [  restartedMain] o.a.c.h.Http11NioProtocol                : Starting ProtocolHandler ["http-nio-8080"]
2021-12-14 15:36:22.138  INFO Ajay-PC --- [  restartedMain] o.s.b.w.e.t.TomcatWebServer              : Tomcat started on port(s): 8080 (http) with context path ''
2021-12-14 15:36:22.141  INFO Ajay-PC --- [  restartedMain] c.TravelAdvisorApplication               : Started TravelAdvisorApplication in 1.772 seconds (JVM running for 1065.072)
2021-12-14 15:36:22.142  INFO Ajay-PC --- [  restartedMain] .ConditionEvaluationDeltaLoggingListener : Condition evaluation unchanged
2021-12-14 15:36:23.694  INFO Ajay-PC --- [  restartedMain] c.TravelAdvisorApplication               : Starting TravelAdvisorApplication using Java 17 on Ajay-PC with PID 25596 (F:\Training\Java\TravelAdvisor\target\classes started by Ajay in F:\Training\Java\TravelAdvisor)
2021-12-14 15:36:23.694  INFO Ajay-PC --- [  restartedMain] c.TravelAdvisorApplication               : No active profile set, falling back to default profiles: default
2021-12-14 15:36:24.612  INFO Ajay-PC --- [  restartedMain] .s.d.r.c.RepositoryConfigurationDelegate : Bootstrapping Spring Data JPA repositories in DEFAULT mode.
2021-12-14 15:36:24.855  INFO Ajay-PC --- [  restartedMain] .s.d.r.c.RepositoryConfigurationDelegate : Finished Spring Data repository scanning in 242 ms. Found 4 JPA repository interfaces.
2021-12-14 15:36:24.921  INFO Ajay-PC --- [  restartedMain] o.s.b.w.e.t.TomcatWebServer              : Tomcat initialized with port(s): 8080 (http)
2021-12-14 15:36:24.922  INFO Ajay-PC --- [  restartedMain] o.a.c.h.Http11NioProtocol                : Initializing ProtocolHandler ["http-nio-8080"]
2021-12-14 15:36:24.922  INFO Ajay-PC --- [  restartedMain] o.a.c.c.StandardService                  : Starting service [Tomcat]
2021-12-14 15:36:24.922  INFO Ajay-PC --- [  restartedMain] o.a.c.c.StandardEngine                   : Starting Servlet engine: [Apache Tomcat/9.0.55]
2021-12-14 15:36:24.970  INFO Ajay-PC --- [  restartedMain] o.a.j.s.TldScanner                       : At least one JAR was scanned for TLDs yet contained no TLDs. Enable debug logging for this logger for a complete list of JARs that were scanned but no TLDs were found in them. Skipping unneeded JARs during scanning can improve startup time and JSP compilation time.
2021-12-14 15:36:24.971  INFO Ajay-PC --- [  restartedMain] o.a.c.c.C.[.[.[/]                        : Initializing Spring embedded WebApplicationContext
2021-12-14 15:36:24.971  INFO Ajay-PC --- [  restartedMain] w.s.c.ServletWebServerApplicationContext : Root WebApplicationContext: initialization completed in 1275 ms
2021-12-14 15:36:25.000  INFO Ajay-PC --- [  restartedMain] o.h.d.Dialect                            : HHH000400: Using dialect: org.hibernate.dialect.MySQL5Dialect
2021-12-14 15:36:25.133  INFO Ajay-PC --- [  restartedMain] o.h.e.t.j.p.i.JtaPlatformInitiator       : HHH000490: Using JtaPlatform implementation: [org.hibernate.engine.transaction.jta.platform.internal.NoJtaPlatform]
2021-12-14 15:36:25.221  INFO Ajay-PC --- [  restartedMain] o.s.s.w.DefaultSecurityFilterChain       : Will secure any request with [org.springframework.security.web.context.request.async.WebAsyncManagerIntegrationFilter@3eed5021, org.springframework.security.web.context.SecurityContextPersistenceFilter@6bddc164, org.springframework.security.web.header.HeaderWriterFilter@15d5f5d4, org.springframework.security.web.authentication.logout.LogoutFilter@2361cf74, org.springframework.security.web.authentication.UsernamePasswordAuthenticationFilter@20dcffc5, org.springframework.security.web.savedrequest.RequestCacheAwareFilter@6d1f3d48, org.springframework.security.web.servletapi.SecurityContextHolderAwareRequestFilter@575e1e6a, org.springframework.security.web.authentication.AnonymousAuthenticationFilter@600d4250, org.springframework.security.web.session.SessionManagementFilter@6ef3edd3, org.springframework.security.web.access.ExceptionTranslationFilter@5feb35f2, org.springframework.security.web.access.intercept.FilterSecurityInterceptor@6f66dcd6]
2021-12-14 15:36:25.279  INFO Ajay-PC --- [  restartedMain] o.s.b.d.a.OptionalLiveReloadServer       : LiveReload server is running on port 35729
2021-12-14 15:36:25.285  INFO Ajay-PC --- [  restartedMain] o.a.c.h.Http11NioProtocol                : Starting ProtocolHandler ["http-nio-8080"]
2021-12-14 15:36:25.288  INFO Ajay-PC --- [  restartedMain] o.s.b.w.e.t.TomcatWebServer              : Tomcat started on port(s): 8080 (http) with context path ''
2021-12-14 15:36:25.291  INFO Ajay-PC --- [  restartedMain] c.TravelAdvisorApplication               : Started TravelAdvisorApplication in 1.624 seconds (JVM running for 1068.223)
2021-12-14 15:36:25.292  INFO Ajay-PC --- [  restartedMain] .ConditionEvaluationDeltaLoggingListener : Condition evaluation unchanged
2021-12-14 15:37:39.325  INFO Ajay-PC --- [  restartedMain] c.TravelAdvisorApplication               : Starting TravelAdvisorApplication using Java 17 on Ajay-PC with PID 25596 (F:\Training\Java\TravelAdvisor\target\classes started by Ajay in F:\Training\Java\TravelAdvisor)
2021-12-14 15:37:39.326  INFO Ajay-PC --- [  restartedMain] c.TravelAdvisorApplication               : No active profile set, falling back to default profiles: default
2021-12-14 15:37:40.276  INFO Ajay-PC --- [  restartedMain] .s.d.r.c.RepositoryConfigurationDelegate : Bootstrapping Spring Data JPA repositories in DEFAULT mode.
2021-12-14 15:37:40.517  INFO Ajay-PC --- [  restartedMain] .s.d.r.c.RepositoryConfigurationDelegate : Finished Spring Data repository scanning in 241 ms. Found 4 JPA repository interfaces.
2021-12-14 15:37:40.575  INFO Ajay-PC --- [  restartedMain] o.s.b.w.e.t.TomcatWebServer              : Tomcat initialized with port(s): 8080 (http)
2021-12-14 15:37:40.576  INFO Ajay-PC --- [  restartedMain] o.a.c.h.Http11NioProtocol                : Initializing ProtocolHandler ["http-nio-8080"]
2021-12-14 15:37:40.576  INFO Ajay-PC --- [  restartedMain] o.a.c.c.StandardService                  : Starting service [Tomcat]
2021-12-14 15:37:40.576  INFO Ajay-PC --- [  restartedMain] o.a.c.c.StandardEngine                   : Starting Servlet engine: [Apache Tomcat/9.0.55]
2021-12-14 15:37:40.624  INFO Ajay-PC --- [  restartedMain] o.a.j.s.TldScanner                       : At least one JAR was scanned for TLDs yet contained no TLDs. Enable debug logging for this logger for a complete list of JARs that were scanned but no TLDs were found in them. Skipping unneeded JARs during scanning can improve startup time and JSP compilation time.
2021-12-14 15:37:40.626  INFO Ajay-PC --- [  restartedMain] o.a.c.c.C.[.[.[/]                        : Initializing Spring embedded WebApplicationContext
2021-12-14 15:37:40.626  INFO Ajay-PC --- [  restartedMain] w.s.c.ServletWebServerApplicationContext : Root WebApplicationContext: initialization completed in 1298 ms
2021-12-14 15:37:40.657  INFO Ajay-PC --- [  restartedMain] o.h.d.Dialect                            : HHH000400: Using dialect: org.hibernate.dialect.MySQL5Dialect
2021-12-14 15:37:40.784  INFO Ajay-PC --- [  restartedMain] o.h.e.t.j.p.i.JtaPlatformInitiator       : HHH000490: Using JtaPlatform implementation: [org.hibernate.engine.transaction.jta.platform.internal.NoJtaPlatform]
2021-12-14 15:37:40.885  INFO Ajay-PC --- [  restartedMain] o.s.s.w.DefaultSecurityFilterChain       : Will secure any request with [org.springframework.security.web.context.request.async.WebAsyncManagerIntegrationFilter@73a35626, org.springframework.security.web.context.SecurityContextPersistenceFilter@376fe481, org.springframework.security.web.header.HeaderWriterFilter@51e3613f, org.springframework.security.web.authentication.logout.LogoutFilter@11c6c593, org.springframework.security.web.authentication.UsernamePasswordAuthenticationFilter@72bd5357, org.springframework.security.web.savedrequest.RequestCacheAwareFilter@44d8c826, org.springframework.security.web.servletapi.SecurityContextHolderAwareRequestFilter@e78b31b, org.springframework.security.web.authentication.AnonymousAuthenticationFilter@7c6ebc07, org.springframework.security.web.session.SessionManagementFilter@4e233923, org.springframework.security.web.access.ExceptionTranslationFilter@5db5de34, org.springframework.security.web.access.intercept.FilterSecurityInterceptor@7e550833]
2021-12-14 15:37:40.950  INFO Ajay-PC --- [  restartedMain] o.s.b.d.a.OptionalLiveReloadServer       : LiveReload server is running on port 35729
2021-12-14 15:37:40.956  INFO Ajay-PC --- [  restartedMain] o.a.c.h.Http11NioProtocol                : Starting ProtocolHandler ["http-nio-8080"]
2021-12-14 15:37:40.958  INFO Ajay-PC --- [  restartedMain] o.s.b.w.e.t.TomcatWebServer              : Tomcat started on port(s): 8080 (http) with context path ''
2021-12-14 15:37:40.961  INFO Ajay-PC --- [  restartedMain] c.TravelAdvisorApplication               : Started TravelAdvisorApplication in 1.667 seconds (JVM running for 1143.893)
2021-12-14 15:37:40.962  INFO Ajay-PC --- [  restartedMain] .ConditionEvaluationDeltaLoggingListener : Condition evaluation unchanged
2021-12-14 15:38:39.067  INFO Ajay-PC --- [  restartedMain] c.TravelAdvisorApplication               : Starting TravelAdvisorApplication using Java 17 on Ajay-PC with PID 25596 (F:\Training\Java\TravelAdvisor\target\classes started by Ajay in F:\Training\Java\TravelAdvisor)
2021-12-14 15:38:39.068  INFO Ajay-PC --- [  restartedMain] c.TravelAdvisorApplication               : No active profile set, falling back to default profiles: default
2021-12-14 15:38:39.981  INFO Ajay-PC --- [  restartedMain] .s.d.r.c.RepositoryConfigurationDelegate : Bootstrapping Spring Data JPA repositories in DEFAULT mode.
2021-12-14 15:38:40.220  INFO Ajay-PC --- [  restartedMain] .s.d.r.c.RepositoryConfigurationDelegate : Finished Spring Data repository scanning in 238 ms. Found 4 JPA repository interfaces.
2021-12-14 15:38:40.278  INFO Ajay-PC --- [  restartedMain] o.s.b.w.e.t.TomcatWebServer              : Tomcat initialized with port(s): 8080 (http)
2021-12-14 15:38:40.279  INFO Ajay-PC --- [  restartedMain] o.a.c.h.Http11NioProtocol                : Initializing ProtocolHandler ["http-nio-8080"]
2021-12-14 15:38:40.279  INFO Ajay-PC --- [  restartedMain] o.a.c.c.StandardService                  : Starting service [Tomcat]
2021-12-14 15:38:40.279  INFO Ajay-PC --- [  restartedMain] o.a.c.c.StandardEngine                   : Starting Servlet engine: [Apache Tomcat/9.0.55]
2021-12-14 15:38:40.325  INFO Ajay-PC --- [  restartedMain] o.a.j.s.TldScanner                       : At least one JAR was scanned for TLDs yet contained no TLDs. Enable debug logging for this logger for a complete list of JARs that were scanned but no TLDs were found in them. Skipping unneeded JARs during scanning can improve startup time and JSP compilation time.
2021-12-14 15:38:40.327  INFO Ajay-PC --- [  restartedMain] o.a.c.c.C.[.[.[/]                        : Initializing Spring embedded WebApplicationContext
2021-12-14 15:38:40.327  INFO Ajay-PC --- [  restartedMain] w.s.c.ServletWebServerApplicationContext : Root WebApplicationContext: initialization completed in 1258 ms
2021-12-14 15:38:40.359  INFO Ajay-PC --- [  restartedMain] o.h.d.Dialect                            : HHH000400: Using dialect: org.hibernate.dialect.MySQL5Dialect
2021-12-14 15:38:40.478  INFO Ajay-PC --- [  restartedMain] o.h.e.t.j.p.i.JtaPlatformInitiator       : HHH000490: Using JtaPlatform implementation: [org.hibernate.engine.transaction.jta.platform.internal.NoJtaPlatform]
2021-12-14 15:38:40.577  INFO Ajay-PC --- [  restartedMain] o.s.s.w.DefaultSecurityFilterChain       : Will secure any request with [org.springframework.security.web.context.request.async.WebAsyncManagerIntegrationFilter@18360a3, org.springframework.security.web.context.SecurityContextPersistenceFilter@1f77e441, org.springframework.security.web.header.HeaderWriterFilter@2895b97f, org.springframework.security.web.authentication.logout.LogoutFilter@200c2cd0, org.springframework.security.web.authentication.UsernamePasswordAuthenticationFilter@1c4149e6, org.springframework.security.web.savedrequest.RequestCacheAwareFilter@470c0a8e, org.springframework.security.web.servletapi.SecurityContextHolderAwareRequestFilter@42d70d51, org.springframework.security.web.authentication.AnonymousAuthenticationFilter@7eab141b, org.springframework.security.web.session.SessionManagementFilter@20cc4405, org.springframework.security.web.access.ExceptionTranslationFilter@5910366f, org.springframework.security.web.access.intercept.FilterSecurityInterceptor@5c3bea7c]
2021-12-14 15:38:40.642  INFO Ajay-PC --- [  restartedMain] o.s.b.d.a.OptionalLiveReloadServer       : LiveReload server is running on port 35729
2021-12-14 15:38:40.648  INFO Ajay-PC --- [  restartedMain] o.a.c.h.Http11NioProtocol                : Starting ProtocolHandler ["http-nio-8080"]
2021-12-14 15:38:40.651  INFO Ajay-PC --- [  restartedMain] o.s.b.w.e.t.TomcatWebServer              : Tomcat started on port(s): 8080 (http) with context path ''
2021-12-14 15:38:40.656  INFO Ajay-PC --- [  restartedMain] c.TravelAdvisorApplication               : Started TravelAdvisorApplication in 1.616 seconds (JVM running for 1203.588)
2021-12-14 15:38:40.657  INFO Ajay-PC --- [  restartedMain] .ConditionEvaluationDeltaLoggingListener : Condition evaluation unchanged
2021-12-14 15:39:04.010  INFO Ajay-PC --- [n(36)-127.0.0.1] inMXBeanRegistrar$SpringApplicationAdmin : Application shutdown requested.
2021-12-14 15:39:06.759  INFO Ajay-PC --- [  restartedMain] c.TravelAdvisorApplication               : Starting TravelAdvisorApplication using Java 17 on Ajay-PC with PID 7736 (F:\Training\Java\TravelAdvisor\target\classes started by Ajay in F:\Training\Java\TravelAdvisor)
2021-12-14 15:39:06.765  INFO Ajay-PC --- [  restartedMain] c.TravelAdvisorApplication               : No active profile set, falling back to default profiles: default
2021-12-14 15:39:06.808  INFO Ajay-PC --- [  restartedMain] .e.DevToolsPropertyDefaultsPostProcessor : Devtools property defaults active! Set 'spring.devtools.add-properties' to 'false' to disable
2021-12-14 15:39:06.809  INFO Ajay-PC --- [  restartedMain] .e.DevToolsPropertyDefaultsPostProcessor : For additional web related logging consider setting the 'logging.level.web' property to 'DEBUG'
2021-12-14 15:39:08.174  INFO Ajay-PC --- [  restartedMain] .s.d.r.c.RepositoryConfigurationDelegate : Bootstrapping Spring Data JPA repositories in DEFAULT mode.
2021-12-14 15:39:08.501  INFO Ajay-PC --- [  restartedMain] .s.d.r.c.RepositoryConfigurationDelegate : Finished Spring Data repository scanning in 320 ms. Found 4 JPA repository interfaces.
2021-12-14 15:39:09.000  INFO Ajay-PC --- [  restartedMain] o.s.b.w.e.t.TomcatWebServer              : Tomcat initialized with port(s): 8080 (http)
2021-12-14 15:39:09.008  INFO Ajay-PC --- [  restartedMain] o.a.c.h.Http11NioProtocol                : Initializing ProtocolHandler ["http-nio-8080"]
2021-12-14 15:39:09.009  INFO Ajay-PC --- [  restartedMain] o.a.c.c.StandardService                  : Starting service [Tomcat]
2021-12-14 15:39:09.009  INFO Ajay-PC --- [  restartedMain] o.a.c.c.StandardEngine                   : Starting Servlet engine: [Apache Tomcat/9.0.55]
2021-12-14 15:39:09.177  INFO Ajay-PC --- [  restartedMain] o.a.j.s.TldScanner                       : At least one JAR was scanned for TLDs yet contained no TLDs. Enable debug logging for this logger for a complete list of JARs that were scanned but no TLDs were found in them. Skipping unneeded JARs during scanning can improve startup time and JSP compilation time.
2021-12-14 15:39:09.184  INFO Ajay-PC --- [  restartedMain] o.a.c.c.C.[.[.[/]                        : Initializing Spring embedded WebApplicationContext
2021-12-14 15:39:09.184  INFO Ajay-PC --- [  restartedMain] w.s.c.ServletWebServerApplicationContext : Root WebApplicationContext: initialization completed in 2375 ms
2021-12-14 15:39:09.333  INFO Ajay-PC --- [  restartedMain] o.h.Version                              : HHH000412: Hibernate ORM core version 5.6.1.Final
2021-12-14 15:39:09.461  INFO Ajay-PC --- [  restartedMain] o.h.a.c.Version                          : HCANN000001: Hibernate Commons Annotations {5.1.2.Final}
2021-12-14 15:39:09.638  INFO Ajay-PC --- [  restartedMain] o.h.d.Dialect                            : HHH000400: Using dialect: org.hibernate.dialect.MySQL5Dialect
2021-12-14 15:39:10.231  INFO Ajay-PC --- [  restartedMain] o.h.e.t.j.p.i.JtaPlatformInitiator       : HHH000490: Using JtaPlatform implementation: [org.hibernate.engine.transaction.jta.platform.internal.NoJtaPlatform]
2021-12-14 15:39:10.652  INFO Ajay-PC --- [  restartedMain] o.s.s.w.DefaultSecurityFilterChain       : Will secure any request with [org.springframework.security.web.context.request.async.WebAsyncManagerIntegrationFilter@3e51d604, org.springframework.security.web.context.SecurityContextPersistenceFilter@5935a90d, org.springframework.security.web.header.HeaderWriterFilter@194397e0, org.springframework.security.web.authentication.logout.LogoutFilter@185cd6d0, org.springframework.security.web.authentication.UsernamePasswordAuthenticationFilter@7f37d616, org.springframework.security.web.savedrequest.RequestCacheAwareFilter@2f485815, org.springframework.security.web.servletapi.SecurityContextHolderAwareRequestFilter@7cb07cd3, org.springframework.security.web.authentication.AnonymousAuthenticationFilter@1caf94aa, org.springframework.security.web.session.SessionManagementFilter@4a26ee91, org.springframework.security.web.access.ExceptionTranslationFilter@7ca6ff40, org.springframework.security.web.access.intercept.FilterSecurityInterceptor@96b0382]
2021-12-14 15:39:10.919  INFO Ajay-PC --- [  restartedMain] o.s.b.d.a.OptionalLiveReloadServer       : LiveReload server is running on port 35729
2021-12-14 15:39:10.931  INFO Ajay-PC --- [  restartedMain] o.a.c.h.Http11NioProtocol                : Starting ProtocolHandler ["http-nio-8080"]
2021-12-14 15:39:10.968  INFO Ajay-PC --- [  restartedMain] o.s.b.w.e.t.TomcatWebServer              : Tomcat started on port(s): 8080 (http) with context path ''
2021-12-14 15:39:10.976  INFO Ajay-PC --- [  restartedMain] c.TravelAdvisorApplication               : Started TravelAdvisorApplication in 4.473 seconds (JVM running for 5.339)
2021-12-14 15:39:22.241  INFO Ajay-PC --- [nio-8080-exec-1] o.a.c.c.C.[.[.[/]                        : Initializing Spring DispatcherServlet 'dispatcherServlet'
2021-12-14 15:39:22.241  INFO Ajay-PC --- [nio-8080-exec-1] o.s.w.s.DispatcherServlet                : Initializing Servlet 'dispatcherServlet'
2021-12-14 15:39:22.242  INFO Ajay-PC --- [nio-8080-exec-1] o.s.w.s.DispatcherServlet                : Completed initialization in 1 ms
2021-12-14 15:39:22.295  INFO Ajay-PC --- [nio-8080-exec-2] c.c.LoginController                      : User trying to login
2021-12-14 15:39:38.357  WARN Ajay-PC --- [nio-8080-exec-6] o.h.o.deprecation                        : HHH90000022: Hibernate's legacy org.hibernate.Criteria API is deprecated; use the JPA javax.persistence.criteria.CriteriaQuery instead
2021-12-14 15:39:38.585  WARN Ajay-PC --- [nio-8080-exec-7] o.h.o.deprecation                        : HHH90000022: Hibernate's legacy org.hibernate.Criteria API is deprecated; use the JPA javax.persistence.criteria.CriteriaQuery instead
2021-12-14 15:39:56.645  WARN Ajay-PC --- [nio-8080-exec-5] o.h.o.deprecation                        : HHH90000022: Hibernate's legacy org.hibernate.Criteria API is deprecated; use the JPA javax.persistence.criteria.CriteriaQuery instead
2021-12-14 15:41:12.481  INFO Ajay-PC --- [  restartedMain] c.TravelAdvisorApplication               : Starting TravelAdvisorApplication using Java 17 on Ajay-PC with PID 7736 (F:\Training\Java\TravelAdvisor\target\classes started by Ajay in F:\Training\Java\TravelAdvisor)
2021-12-14 15:41:12.481  INFO Ajay-PC --- [  restartedMain] c.TravelAdvisorApplication               : No active profile set, falling back to default profiles: default
2021-12-14 15:41:13.425  INFO Ajay-PC --- [  restartedMain] .s.d.r.c.RepositoryConfigurationDelegate : Bootstrapping Spring Data JPA repositories in DEFAULT mode.
2021-12-14 15:41:13.671  INFO Ajay-PC --- [  restartedMain] .s.d.r.c.RepositoryConfigurationDelegate : Finished Spring Data repository scanning in 246 ms. Found 4 JPA repository interfaces.
2021-12-14 15:41:13.754  INFO Ajay-PC --- [  restartedMain] o.s.b.w.e.t.TomcatWebServer              : Tomcat initialized with port(s): 8080 (http)
2021-12-14 15:41:13.755  INFO Ajay-PC --- [  restartedMain] o.a.c.h.Http11NioProtocol                : Initializing ProtocolHandler ["http-nio-8080"]
2021-12-14 15:41:13.755  INFO Ajay-PC --- [  restartedMain] o.a.c.c.StandardService                  : Starting service [Tomcat]
2021-12-14 15:41:13.756  INFO Ajay-PC --- [  restartedMain] o.a.c.c.StandardEngine                   : Starting Servlet engine: [Apache Tomcat/9.0.55]
2021-12-14 15:41:13.814  INFO Ajay-PC --- [  restartedMain] o.a.j.s.TldScanner                       : At least one JAR was scanned for TLDs yet contained no TLDs. Enable debug logging for this logger for a complete list of JARs that were scanned but no TLDs were found in them. Skipping unneeded JARs during scanning can improve startup time and JSP compilation time.
2021-12-14 15:41:13.816  INFO Ajay-PC --- [  restartedMain] o.a.c.c.C.[.[.[/]                        : Initializing Spring embedded WebApplicationContext
2021-12-14 15:41:13.816  INFO Ajay-PC --- [  restartedMain] w.s.c.ServletWebServerApplicationContext : Root WebApplicationContext: initialization completed in 1333 ms
2021-12-14 15:41:13.836  WARN Ajay-PC --- [  restartedMain] o.a.c.c.C.[.[.[/]                        : Cannot deserialize session attribute [SPRING_SECURITY_CONTEXT] for session [73A3F8DD68A7A9E174060BAD05DEFC7B]
2021-12-14 15:41:13.870  INFO Ajay-PC --- [  restartedMain] o.h.d.Dialect                            : HHH000400: Using dialect: org.hibernate.dialect.MySQL5Dialect
2021-12-14 15:41:14.027  INFO Ajay-PC --- [  restartedMain] o.h.e.t.j.p.i.JtaPlatformInitiator       : HHH000490: Using JtaPlatform implementation: [org.hibernate.engine.transaction.jta.platform.internal.NoJtaPlatform]
2021-12-14 15:41:14.138  INFO Ajay-PC --- [  restartedMain] o.s.s.w.DefaultSecurityFilterChain       : Will secure any request with [org.springframework.security.web.context.request.async.WebAsyncManagerIntegrationFilter@40877270, org.springframework.security.web.context.SecurityContextPersistenceFilter@31c591f4, org.springframework.security.web.header.HeaderWriterFilter@73d0f757, org.springframework.security.web.authentication.logout.LogoutFilter@2dcceeb2, org.springframework.security.web.authentication.UsernamePasswordAuthenticationFilter@2dada2bc, org.springframework.security.web.savedrequest.RequestCacheAwareFilter@3730b874, org.springframework.security.web.servletapi.SecurityContextHolderAwareRequestFilter@43ae8b8a, org.springframework.security.web.authentication.AnonymousAuthenticationFilter@68c17ef1, org.springframework.security.web.session.SessionManagementFilter@52343e5d, org.springframework.security.web.access.ExceptionTranslationFilter@5906c74, org.springframework.security.web.access.intercept.FilterSecurityInterceptor@6d657315]
2021-12-14 15:41:14.232  INFO Ajay-PC --- [  restartedMain] o.s.b.d.a.OptionalLiveReloadServer       : LiveReload server is running on port 35729
2021-12-14 15:41:14.239  INFO Ajay-PC --- [  restartedMain] o.a.c.h.Http11NioProtocol                : Starting ProtocolHandler ["http-nio-8080"]
2021-12-14 15:41:14.242  INFO Ajay-PC --- [  restartedMain] o.s.b.w.e.t.TomcatWebServer              : Tomcat started on port(s): 8080 (http) with context path ''
2021-12-14 15:41:14.246  INFO Ajay-PC --- [  restartedMain] c.TravelAdvisorApplication               : Started TravelAdvisorApplication in 1.833 seconds (JVM running for 128.608)
2021-12-14 15:41:14.248  INFO Ajay-PC --- [  restartedMain] .ConditionEvaluationDeltaLoggingListener : Condition evaluation unchanged
2021-12-14 15:41:55.941  INFO Ajay-PC --- [  restartedMain] c.TravelAdvisorApplication               : Starting TravelAdvisorApplication using Java 17 on Ajay-PC with PID 7736 (F:\Training\Java\TravelAdvisor\target\classes started by Ajay in F:\Training\Java\TravelAdvisor)
2021-12-14 15:41:55.941  INFO Ajay-PC --- [  restartedMain] c.TravelAdvisorApplication               : No active profile set, falling back to default profiles: default
2021-12-14 15:41:56.860  INFO Ajay-PC --- [  restartedMain] .s.d.r.c.RepositoryConfigurationDelegate : Bootstrapping Spring Data JPA repositories in DEFAULT mode.
2021-12-14 15:41:57.122  INFO Ajay-PC --- [  restartedMain] .s.d.r.c.RepositoryConfigurationDelegate : Finished Spring Data repository scanning in 260 ms. Found 4 JPA repository interfaces.
2021-12-14 15:41:57.181  INFO Ajay-PC --- [  restartedMain] o.s.b.w.e.t.TomcatWebServer              : Tomcat initialized with port(s): 8080 (http)
2021-12-14 15:41:57.181  INFO Ajay-PC --- [  restartedMain] o.a.c.h.Http11NioProtocol                : Initializing ProtocolHandler ["http-nio-8080"]
2021-12-14 15:41:57.182  INFO Ajay-PC --- [  restartedMain] o.a.c.c.StandardService                  : Starting service [Tomcat]
2021-12-14 15:41:57.182  INFO Ajay-PC --- [  restartedMain] o.a.c.c.StandardEngine                   : Starting Servlet engine: [Apache Tomcat/9.0.55]
2021-12-14 15:41:57.245  INFO Ajay-PC --- [  restartedMain] o.a.j.s.TldScanner                       : At least one JAR was scanned for TLDs yet contained no TLDs. Enable debug logging for this logger for a complete list of JARs that were scanned but no TLDs were found in them. Skipping unneeded JARs during scanning can improve startup time and JSP compilation time.
2021-12-14 15:41:57.247  INFO Ajay-PC --- [  restartedMain] o.a.c.c.C.[.[.[/]                        : Initializing Spring embedded WebApplicationContext
2021-12-14 15:41:57.247  INFO Ajay-PC --- [  restartedMain] w.s.c.ServletWebServerApplicationContext : Root WebApplicationContext: initialization completed in 1304 ms
2021-12-14 15:41:57.292  INFO Ajay-PC --- [  restartedMain] o.h.d.Dialect                            : HHH000400: Using dialect: org.hibernate.dialect.MySQL5Dialect
2021-12-14 15:41:57.430  INFO Ajay-PC --- [  restartedMain] o.h.e.t.j.p.i.JtaPlatformInitiator       : HHH000490: Using JtaPlatform implementation: [org.hibernate.engine.transaction.jta.platform.internal.NoJtaPlatform]
2021-12-14 15:41:57.526  INFO Ajay-PC --- [  restartedMain] o.s.s.w.DefaultSecurityFilterChain       : Will secure any request with [org.springframework.security.web.context.request.async.WebAsyncManagerIntegrationFilter@98e28b3, org.springframework.security.web.context.SecurityContextPersistenceFilter@363aced4, org.springframework.security.web.header.HeaderWriterFilter@2c739027, org.springframework.security.web.authentication.logout.LogoutFilter@1b5c851b, org.springframework.security.web.authentication.UsernamePasswordAuthenticationFilter@a6c27bd, org.springframework.security.web.savedrequest.RequestCacheAwareFilter@344a9cdf, org.springframework.security.web.servletapi.SecurityContextHolderAwareRequestFilter@408c0d9, org.springframework.security.web.authentication.AnonymousAuthenticationFilter@2a9230c3, org.springframework.security.web.session.SessionManagementFilter@3af8bff8, org.springframework.security.web.access.ExceptionTranslationFilter@29c576ea, org.springframework.security.web.access.intercept.FilterSecurityInterceptor@10ed8d60]
2021-12-14 15:41:57.595  INFO Ajay-PC --- [  restartedMain] o.s.b.d.a.OptionalLiveReloadServer       : LiveReload server is running on port 35729
2021-12-14 15:41:57.601  INFO Ajay-PC --- [  restartedMain] o.a.c.h.Http11NioProtocol                : Starting ProtocolHandler ["http-nio-8080"]
2021-12-14 15:41:57.605  INFO Ajay-PC --- [  restartedMain] o.s.b.w.e.t.TomcatWebServer              : Tomcat started on port(s): 8080 (http) with context path ''
2021-12-14 15:41:57.608  INFO Ajay-PC --- [  restartedMain] c.TravelAdvisorApplication               : Started TravelAdvisorApplication in 1.696 seconds (JVM running for 171.97)
2021-12-14 15:41:57.609  INFO Ajay-PC --- [  restartedMain] .ConditionEvaluationDeltaLoggingListener : Condition evaluation unchanged
2021-12-14 15:45:49.512  INFO Ajay-PC --- [nio-8080-exec-1] o.a.c.c.C.[.[.[/]                        : Initializing Spring DispatcherServlet 'dispatcherServlet'
2021-12-14 15:45:49.512  INFO Ajay-PC --- [nio-8080-exec-1] o.s.w.s.DispatcherServlet                : Initializing Servlet 'dispatcherServlet'
2021-12-14 15:45:49.513  INFO Ajay-PC --- [nio-8080-exec-1] o.s.w.s.DispatcherServlet                : Completed initialization in 1 ms
2021-12-14 15:45:49.523  INFO Ajay-PC --- [nio-8080-exec-2] c.c.LoginController                      : User trying to login
2021-12-14 15:45:59.316  WARN Ajay-PC --- [nio-8080-exec-6] o.h.o.deprecation                        : HHH90000022: Hibernate's legacy org.hibernate.Criteria API is deprecated; use the JPA javax.persistence.criteria.CriteriaQuery instead
2021-12-14 15:58:25.202  INFO Ajay-PC --- [io-8080-exec-10] c.c.LoginController                      : User trying to login
2021-12-14 15:58:31.204  WARN Ajay-PC --- [nio-8080-exec-6] o.h.o.deprecation                        : HHH90000022: Hibernate's legacy org.hibernate.Criteria API is deprecated; use the JPA javax.persistence.criteria.CriteriaQuery instead
2021-12-14 15:58:31.304  INFO Ajay-PC --- [nio-8080-exec-7] c.c.LoginController                      : User trying to login
2021-12-14 15:58:42.651  WARN Ajay-PC --- [nio-8080-exec-2] o.h.o.deprecation                        : HHH90000022: Hibernate's legacy org.hibernate.Criteria API is deprecated; use the JPA javax.persistence.criteria.CriteriaQuery instead
2021-12-14 15:58:42.749  WARN Ajay-PC --- [io-8080-exec-10] o.h.o.deprecation                        : HHH90000022: Hibernate's legacy org.hibernate.Criteria API is deprecated; use the JPA javax.persistence.criteria.CriteriaQuery instead
2021-12-14 15:58:56.230  WARN Ajay-PC --- [nio-8080-exec-8] o.h.o.deprecation                        : HHH90000022: Hibernate's legacy org.hibernate.Criteria API is deprecated; use the JPA javax.persistence.criteria.CriteriaQuery instead
2021-12-14 15:58:57.830  WARN Ajay-PC --- [nio-8080-exec-2] o.h.o.deprecation                        : HHH90000022: Hibernate's legacy org.hibernate.Criteria API is deprecated; use the JPA javax.persistence.criteria.CriteriaQuery instead
2021-12-14 15:58:57.835  INFO Ajay-PC --- [nio-8080-exec-2] c.c.RestController                       : ajayr.18cse@kongu.edu added an item to his cart
2021-12-14 16:00:31.378  WARN Ajay-PC --- [nio-8080-exec-3] o.h.o.deprecation                        : HHH90000022: Hibernate's legacy org.hibernate.Criteria API is deprecated; use the JPA javax.persistence.criteria.CriteriaQuery instead
2021-12-14 16:00:31.383  INFO Ajay-PC --- [nio-8080-exec-3] c.c.RestController                       : ajayr.18cse@kongu.edu added an item to his cart
2021-12-14 16:00:35.150  WARN Ajay-PC --- [nio-8080-exec-6] o.h.o.deprecation                        : HHH90000022: Hibernate's legacy org.hibernate.Criteria API is deprecated; use the JPA javax.persistence.criteria.CriteriaQuery instead
2021-12-14 16:00:35.154  INFO Ajay-PC --- [nio-8080-exec-6] c.c.RestController                       : ajayr.18cse@kongu.edu added an item to his cart
2021-12-14 16:00:36.918  WARN Ajay-PC --- [nio-8080-exec-7] o.h.o.deprecation                        : HHH90000022: Hibernate's legacy org.hibernate.Criteria API is deprecated; use the JPA javax.persistence.criteria.CriteriaQuery instead
2021-12-14 16:00:36.921  INFO Ajay-PC --- [nio-8080-exec-7] c.c.RestController                       : ajayr.18cse@kongu.edu added an item to his cart
2021-12-14 16:00:39.929  WARN Ajay-PC --- [nio-8080-exec-1] o.h.o.deprecation                        : HHH90000022: Hibernate's legacy org.hibernate.Criteria API is deprecated; use the JPA javax.persistence.criteria.CriteriaQuery instead
2021-12-14 16:00:57.741  WARN Ajay-PC --- [nio-8080-exec-5] o.h.o.deprecation                        : HHH90000022: Hibernate's legacy org.hibernate.Criteria API is deprecated; use the JPA javax.persistence.criteria.CriteriaQuery instead
2021-12-14 16:00:57.805  WARN Ajay-PC --- [nio-8080-exec-5] o.h.o.deprecation                        : HHH90000022: Hibernate's legacy org.hibernate.Criteria API is deprecated; use the JPA javax.persistence.criteria.CriteriaQuery instead
2021-12-14 16:01:07.416  WARN Ajay-PC --- [nio-8080-exec-4] o.h.o.deprecation                        : HHH90000022: Hibernate's legacy org.hibernate.Criteria API is deprecated; use the JPA javax.persistence.criteria.CriteriaQuery instead
2021-12-14 16:01:59.049  INFO Ajay-PC --- [  restartedMain] c.TravelAdvisorApplication               : Starting TravelAdvisorApplication using Java 17 on Ajay-PC with PID 7736 (F:\Training\Java\TravelAdvisor\target\classes started by Ajay in F:\Training\Java\TravelAdvisor)
2021-12-14 16:01:59.050  INFO Ajay-PC --- [  restartedMain] c.TravelAdvisorApplication               : No active profile set, falling back to default profiles: default
2021-12-14 16:01:59.996  INFO Ajay-PC --- [  restartedMain] .s.d.r.c.RepositoryConfigurationDelegate : Bootstrapping Spring Data JPA repositories in DEFAULT mode.
2021-12-14 16:02:00.242  INFO Ajay-PC --- [  restartedMain] .s.d.r.c.RepositoryConfigurationDelegate : Finished Spring Data repository scanning in 245 ms. Found 4 JPA repository interfaces.
2021-12-14 16:02:00.311  INFO Ajay-PC --- [  restartedMain] o.s.b.w.e.t.TomcatWebServer              : Tomcat initialized with port(s): 8080 (http)
2021-12-14 16:02:00.311  INFO Ajay-PC --- [  restartedMain] o.a.c.h.Http11NioProtocol                : Initializing ProtocolHandler ["http-nio-8080"]
2021-12-14 16:02:00.311  INFO Ajay-PC --- [  restartedMain] o.a.c.c.StandardService                  : Starting service [Tomcat]
2021-12-14 16:02:00.312  INFO Ajay-PC --- [  restartedMain] o.a.c.c.StandardEngine                   : Starting Servlet engine: [Apache Tomcat/9.0.55]
2021-12-14 16:02:00.368  INFO Ajay-PC --- [  restartedMain] o.a.j.s.TldScanner                       : At least one JAR was scanned for TLDs yet contained no TLDs. Enable debug logging for this logger for a complete list of JARs that were scanned but no TLDs were found in them. Skipping unneeded JARs during scanning can improve startup time and JSP compilation time.
2021-12-14 16:02:00.369  INFO Ajay-PC --- [  restartedMain] o.a.c.c.C.[.[.[/]                        : Initializing Spring embedded WebApplicationContext
2021-12-14 16:02:00.369  INFO Ajay-PC --- [  restartedMain] w.s.c.ServletWebServerApplicationContext : Root WebApplicationContext: initialization completed in 1318 ms
2021-12-14 16:02:00.388  WARN Ajay-PC --- [  restartedMain] o.a.c.c.C.[.[.[/]                        : Cannot deserialize session attribute [SPRING_SECURITY_CONTEXT] for session [38A4CCC90A9E5E68D202C7848DA5F780]
2021-12-14 16:02:00.419  INFO Ajay-PC --- [  restartedMain] o.h.d.Dialect                            : HHH000400: Using dialect: org.hibernate.dialect.MySQL5Dialect
2021-12-14 16:02:00.567  INFO Ajay-PC --- [  restartedMain] o.h.e.t.j.p.i.JtaPlatformInitiator       : HHH000490: Using JtaPlatform implementation: [org.hibernate.engine.transaction.jta.platform.internal.NoJtaPlatform]
2021-12-14 16:02:00.669  INFO Ajay-PC --- [  restartedMain] o.s.s.w.DefaultSecurityFilterChain       : Will secure any request with [org.springframework.security.web.context.request.async.WebAsyncManagerIntegrationFilter@4045655f, org.springframework.security.web.context.SecurityContextPersistenceFilter@6e51a0b8, org.springframework.security.web.header.HeaderWriterFilter@64db1cfc, org.springframework.security.web.authentication.logout.LogoutFilter@336a46ab, org.springframework.security.web.authentication.UsernamePasswordAuthenticationFilter@14ab3d7f, org.springframework.security.web.savedrequest.RequestCacheAwareFilter@18bf8dd, org.springframework.security.web.servletapi.SecurityContextHolderAwareRequestFilter@3d0b28ec, org.springframework.security.web.authentication.AnonymousAuthenticationFilter@4a4ad562, org.springframework.security.web.session.SessionManagementFilter@1db4c9, org.springframework.security.web.access.ExceptionTranslationFilter@57f7085f, org.springframework.security.web.access.intercept.FilterSecurityInterceptor@3863afe5]
2021-12-14 16:02:00.738  INFO Ajay-PC --- [  restartedMain] o.s.b.d.a.OptionalLiveReloadServer       : LiveReload server is running on port 35729
2021-12-14 16:02:00.745  INFO Ajay-PC --- [  restartedMain] o.a.c.h.Http11NioProtocol                : Starting ProtocolHandler ["http-nio-8080"]
2021-12-14 16:02:00.747  INFO Ajay-PC --- [  restartedMain] o.s.b.w.e.t.TomcatWebServer              : Tomcat started on port(s): 8080 (http) with context path ''
2021-12-14 16:02:00.751  INFO Ajay-PC --- [  restartedMain] c.TravelAdvisorApplication               : Started TravelAdvisorApplication in 1.737 seconds (JVM running for 1375.114)
2021-12-14 16:02:00.752  INFO Ajay-PC --- [  restartedMain] .ConditionEvaluationDeltaLoggingListener : Condition evaluation unchanged
2021-12-14 16:03:56.956  INFO Ajay-PC --- [nio-8080-exec-1] o.a.c.c.C.[.[.[/]                        : Initializing Spring DispatcherServlet 'dispatcherServlet'
2021-12-14 16:03:56.956  INFO Ajay-PC --- [nio-8080-exec-1] o.s.w.s.DispatcherServlet                : Initializing Servlet 'dispatcherServlet'
2021-12-14 16:03:56.957  INFO Ajay-PC --- [nio-8080-exec-1] o.s.w.s.DispatcherServlet                : Completed initialization in 1 ms
2021-12-14 16:03:56.965  INFO Ajay-PC --- [nio-8080-exec-2] c.c.LoginController                      : User trying to login
